2025-07-31 13:50:13,696 - INFO - Starting support ticket copy process...
2025-07-31 13:50:14,574 - INFO - Fetched 1000 tickets (offset: 0)
2025-07-31 13:50:15,276 - INFO - Fetched 1000 tickets (offset: 1000)
2025-07-31 13:50:15,713 - INFO - Fetched 1000 tickets (offset: 2000)
2025-07-31 13:50:16,102 - INFO - Fetched 1000 tickets (offset: 3000)
2025-07-31 13:50:16,102 - INFO - Total fetched: 4000 tickets from source
2025-07-31 13:50:16,868 - INFO - Fetched 1000 tickets from staging (offset: 0)
2025-07-31 13:50:17,928 - INFO - Fetched 1000 tickets from staging (offset: 1000)
2025-07-31 13:50:18,441 - INFO - Fetched 1000 tickets from staging (offset: 2000)
2025-07-31 13:50:18,935 - INFO - Fetched 1000 tickets from staging (offset: 3000)
2025-07-31 13:50:19,116 - INFO - Total fetched: 4000 tickets from staging
2025-07-31 13:50:19,120 - INFO - Missing tickets: 44
2025-07-31 13:50:19,120 - INFO - Transformed 44 tickets
2025-07-31 13:50:19,311 - INFO - Table access test successful: 1 records found
2025-07-31 13:50:19,311 - INFO - Processing batch 1/44 (1 tickets)
2025-07-31 13:50:19,311 - INFO - Sample ticket data being inserted: {
  "id": 13747,
  "name": "Gugulothu Rajender nayak",
  "reason": "Others",
  "atleast_paid_once": false,
  "call_attempts": 0,
  "tenant_id": "e35e7279-d92d-4cdf-8014-98deaab639c0",
  "ticket_date": "2025-07-30T16:41:28+00:00",
  "user_id": "1712382",
  "phone": "+918143918875",
  "source": "Drawer",
  "subscription_status": "",
  "badge": "",
  "poster": "free",
  "layout_status": "",
  "rm_name": "",
  "praja_dashboard_user_link": "https://www.thecircleapp.in/admin/users/W6SMZEo",
  "display_pic_url": "https://a-cdn.thecircleapp.in/production/photos/1712382/7b6512c7-7bbc-4a15-ba0c-848670d84877.jpg",
  "dumped_at": "2025-07-30T16:41:28.648493+00:00",
  "call_status": "Call Waiting"
}
2025-07-31 13:50:19,503 - INFO - Batch 1: Inserted 1/1 tickets
2025-07-31 13:50:19,503 - INFO - Processing batch 2/44 (1 tickets)
2025-07-31 13:50:19,686 - INFO - Batch 2: Inserted 1/1 tickets
2025-07-31 13:50:19,686 - INFO - Processing batch 3/44 (1 tickets)
2025-07-31 13:50:19,880 - INFO - Batch 3: Inserted 1/1 tickets
2025-07-31 13:50:19,880 - INFO - Processing batch 4/44 (1 tickets)
2025-07-31 13:50:20,074 - INFO - Batch 4: Inserted 1/1 tickets
2025-07-31 13:50:20,074 - INFO - Processing batch 5/44 (1 tickets)
2025-07-31 13:50:20,255 - INFO - Batch 5: Inserted 1/1 tickets
2025-07-31 13:50:20,255 - INFO - Processing batch 6/44 (1 tickets)
2025-07-31 13:50:20,435 - INFO - Batch 6: Inserted 1/1 tickets
2025-07-31 13:50:20,435 - INFO - Processing batch 7/44 (1 tickets)
2025-07-31 13:50:20,804 - INFO - Batch 7: Inserted 1/1 tickets
2025-07-31 13:50:20,804 - INFO - Processing batch 8/44 (1 tickets)
2025-07-31 13:50:20,974 - INFO - Batch 8: Inserted 1/1 tickets
2025-07-31 13:50:20,974 - INFO - Processing batch 9/44 (1 tickets)
2025-07-31 13:50:21,196 - INFO - Batch 9: Inserted 1/1 tickets
2025-07-31 13:50:21,196 - INFO - Processing batch 10/44 (1 tickets)
2025-07-31 13:50:21,394 - INFO - Batch 10: Inserted 1/1 tickets
2025-07-31 13:50:21,394 - INFO - Processing batch 11/44 (1 tickets)
2025-07-31 13:50:21,576 - INFO - Batch 11: Inserted 1/1 tickets
2025-07-31 13:50:21,576 - INFO - Processing batch 12/44 (1 tickets)
2025-07-31 13:50:21,753 - INFO - Batch 12: Inserted 1/1 tickets
2025-07-31 13:50:21,753 - INFO - Processing batch 13/44 (1 tickets)
2025-07-31 13:50:21,965 - INFO - Batch 13: Inserted 1/1 tickets
2025-07-31 13:50:21,965 - INFO - Processing batch 14/44 (1 tickets)
2025-07-31 13:50:22,395 - INFO - Batch 14: Inserted 1/1 tickets
2025-07-31 13:50:22,396 - INFO - Processing batch 15/44 (1 tickets)
2025-07-31 13:50:22,554 - INFO - Batch 15: Inserted 1/1 tickets
2025-07-31 13:50:22,554 - INFO - Processing batch 16/44 (1 tickets)
2025-07-31 13:50:22,770 - INFO - Batch 16: Inserted 1/1 tickets
2025-07-31 13:50:22,770 - INFO - Processing batch 17/44 (1 tickets)
2025-07-31 13:50:22,969 - INFO - Batch 17: Inserted 1/1 tickets
2025-07-31 13:50:22,969 - INFO - Processing batch 18/44 (1 tickets)
2025-07-31 13:50:23,152 - INFO - Batch 18: Inserted 1/1 tickets
2025-07-31 13:50:23,154 - INFO - Processing batch 19/44 (1 tickets)
2025-07-31 13:50:23,398 - INFO - Batch 19: Inserted 1/1 tickets
2025-07-31 13:50:23,398 - INFO - Processing batch 20/44 (1 tickets)
2025-07-31 13:50:23,584 - INFO - Batch 20: Inserted 1/1 tickets
2025-07-31 13:50:23,584 - INFO - Processing batch 21/44 (1 tickets)
2025-07-31 13:50:23,760 - INFO - Batch 21: Inserted 1/1 tickets
2025-07-31 13:50:23,760 - INFO - Processing batch 22/44 (1 tickets)
2025-07-31 13:50:23,957 - INFO - Batch 22: Inserted 1/1 tickets
2025-07-31 13:50:23,957 - INFO - Processing batch 23/44 (1 tickets)
2025-07-31 13:50:24,147 - INFO - Batch 23: Inserted 1/1 tickets
2025-07-31 13:50:24,147 - INFO - Processing batch 24/44 (1 tickets)
2025-07-31 13:50:24,320 - INFO - Batch 24: Inserted 1/1 tickets
2025-07-31 13:50:24,320 - INFO - Processing batch 25/44 (1 tickets)
2025-07-31 13:50:24,494 - INFO - Batch 25: Inserted 1/1 tickets
2025-07-31 13:50:24,494 - INFO - Processing batch 26/44 (1 tickets)
2025-07-31 13:50:24,774 - INFO - Batch 26: Inserted 1/1 tickets
2025-07-31 13:50:24,774 - INFO - Processing batch 27/44 (1 tickets)
2025-07-31 13:50:25,735 - INFO - Batch 27: Inserted 1/1 tickets
2025-07-31 13:50:25,735 - INFO - Processing batch 28/44 (1 tickets)
2025-07-31 13:50:25,953 - INFO - Batch 28: Inserted 1/1 tickets
2025-07-31 13:50:25,953 - INFO - Processing batch 29/44 (1 tickets)
2025-07-31 13:50:26,763 - INFO - Batch 29: Inserted 1/1 tickets
2025-07-31 13:50:26,763 - INFO - Processing batch 30/44 (1 tickets)
2025-07-31 13:50:27,714 - INFO - Batch 30: Inserted 1/1 tickets
2025-07-31 13:50:27,714 - INFO - Processing batch 31/44 (1 tickets)
2025-07-31 13:50:28,273 - INFO - Batch 31: Inserted 1/1 tickets
2025-07-31 13:50:28,274 - INFO - Processing batch 32/44 (1 tickets)
2025-07-31 13:50:28,483 - INFO - Batch 32: Inserted 1/1 tickets
2025-07-31 13:50:28,483 - INFO - Processing batch 33/44 (1 tickets)
2025-07-31 13:50:28,665 - INFO - Batch 33: Inserted 1/1 tickets
2025-07-31 13:50:28,666 - INFO - Processing batch 34/44 (1 tickets)
2025-07-31 13:50:28,837 - INFO - Batch 34: Inserted 1/1 tickets
2025-07-31 13:50:28,837 - INFO - Processing batch 35/44 (1 tickets)
2025-07-31 13:50:29,011 - INFO - Batch 35: Inserted 1/1 tickets
2025-07-31 13:50:29,011 - INFO - Processing batch 36/44 (1 tickets)
2025-07-31 13:50:29,180 - INFO - Batch 36: Inserted 1/1 tickets
2025-07-31 13:50:29,180 - INFO - Processing batch 37/44 (1 tickets)
2025-07-31 13:50:29,361 - INFO - Batch 37: Inserted 1/1 tickets
2025-07-31 13:50:29,361 - INFO - Processing batch 38/44 (1 tickets)
2025-07-31 13:50:29,540 - INFO - Batch 38: Inserted 1/1 tickets
2025-07-31 13:50:29,540 - INFO - Processing batch 39/44 (1 tickets)
2025-07-31 13:50:29,713 - INFO - Batch 39: Inserted 1/1 tickets
2025-07-31 13:50:29,713 - INFO - Processing batch 40/44 (1 tickets)
2025-07-31 13:50:29,884 - INFO - Batch 40: Inserted 1/1 tickets
2025-07-31 13:50:29,885 - INFO - Processing batch 41/44 (1 tickets)
2025-07-31 13:50:30,071 - INFO - Batch 41: Inserted 1/1 tickets
2025-07-31 13:50:30,071 - INFO - Processing batch 42/44 (1 tickets)
2025-07-31 13:50:30,255 - INFO - Batch 42: Inserted 1/1 tickets
2025-07-31 13:50:30,255 - INFO - Processing batch 43/44 (1 tickets)
2025-07-31 13:50:30,440 - INFO - Batch 43: Inserted 1/1 tickets
2025-07-31 13:50:30,441 - INFO - Processing batch 44/44 (1 tickets)
2025-07-31 13:50:30,632 - INFO - Batch 44: Inserted 1/1 tickets
2025-07-31 13:50:30,632 - INFO - Total inserted: 44/44 tickets
2025-07-31 13:50:30,632 - INFO - Copy process completed: Copied 44/44 tickets
2025-07-31 13:51:43,998 - INFO - Starting support ticket copy process...
2025-07-31 13:51:44,554 - INFO - Fetched 1000 tickets (offset: 0)
2025-07-31 13:51:44,962 - INFO - Fetched 1000 tickets (offset: 1000)
2025-07-31 13:51:45,482 - INFO - Fetched 1000 tickets (offset: 2000)
2025-07-31 13:51:46,090 - INFO - Fetched 1000 tickets (offset: 3000)
2025-07-31 13:51:46,353 - INFO - Fetched 143 tickets (offset: 4000)
2025-07-31 13:51:46,354 - INFO - Total fetched: 4143 tickets from source
2025-07-31 13:51:46,904 - INFO - Fetched 1000 tickets from staging (offset: 0)
2025-07-31 13:51:47,445 - INFO - Fetched 1000 tickets from staging (offset: 1000)
2025-07-31 13:51:47,981 - INFO - Fetched 1000 tickets from staging (offset: 2000)
2025-07-31 13:51:48,491 - INFO - Fetched 1000 tickets from staging (offset: 3000)
2025-07-31 13:51:48,722 - INFO - Fetched 44 tickets from staging (offset: 4000)
2025-07-31 13:51:48,722 - INFO - Total fetched: 4044 tickets from staging
2025-07-31 13:51:48,727 - INFO - Missing tickets: 99
2025-07-31 13:51:48,727 - INFO - Transformed 99 tickets
2025-07-31 13:51:48,921 - INFO - Table access test successful: 1 records found
2025-07-31 13:51:48,921 - INFO - Processing batch 1/99 (1 tickets)
2025-07-31 13:51:48,922 - INFO - Sample ticket data being inserted: {
  "id": 13807,
  "name": "Laxman Uppolla",
  "reason": "Protocol change",
  "atleast_paid_once": false,
  "call_attempts": 1,
  "tenant_id": "e35e7279-d92d-4cdf-8014-98deaab639c0",
  "ticket_date": "2025-07-31T02:50:05+00:00",
  "user_id": "493337",
  "phone": "+919963614338",
  "source": "Layout feedback",
  "subscription_status": "",
  "badge": "",
  "poster": "in_trial",
  "layout_status": "",
  "resolution_status": "Resolved",
  "resolution_time": "1:59",
  "cse_name": "vijayalakshmi.k@praja.buzz",
  "cse_remarks": "",
  "call_status": "Connected",
  "rm_name": "",
  "completed_at": "2025-07-31T05:00:19.591+00:00",
  "praja_dashboard_user_link": "https://www.thecircleapp.in/admin/users/ZoSqXP3",
  "display_pic_url": "https://a-cdn.thecircleapp.in/production/photos/493337/ed89ff8efa22233758aced3bb79fa0b9.jpg",
  "dumped_at": "2025-07-31T02:50:05.84343+00:00",
  "other_reasons": [
    "No Issue"
  ]
}
2025-07-31 13:51:49,109 - INFO - Batch 1: Inserted 1/1 tickets
2025-07-31 13:51:49,111 - INFO - Processing batch 2/99 (1 tickets)
2025-07-31 13:51:49,380 - INFO - Batch 2: Inserted 1/1 tickets
2025-07-31 13:51:49,380 - INFO - Processing batch 3/99 (1 tickets)
2025-07-31 13:51:49,562 - INFO - Batch 3: Inserted 1/1 tickets
2025-07-31 13:51:49,562 - INFO - Processing batch 4/99 (1 tickets)
2025-07-31 13:51:49,724 - INFO - Batch 4: Inserted 1/1 tickets
2025-07-31 13:51:49,724 - INFO - Processing batch 5/99 (1 tickets)
2025-07-31 13:51:50,069 - INFO - Batch 5: Inserted 1/1 tickets
2025-07-31 13:51:50,069 - INFO - Processing batch 6/99 (1 tickets)
2025-07-31 13:51:50,301 - INFO - Batch 6: Inserted 1/1 tickets
2025-07-31 13:51:50,301 - INFO - Processing batch 7/99 (1 tickets)
2025-07-31 13:51:50,599 - INFO - Batch 7: Inserted 1/1 tickets
2025-07-31 13:51:50,599 - INFO - Processing batch 8/99 (1 tickets)
2025-07-31 13:51:50,790 - INFO - Batch 8: Inserted 1/1 tickets
2025-07-31 13:51:50,790 - INFO - Processing batch 9/99 (1 tickets)
2025-07-31 13:51:50,977 - INFO - Batch 9: Inserted 1/1 tickets
2025-07-31 13:51:50,977 - INFO - Processing batch 10/99 (1 tickets)
2025-07-31 13:51:51,164 - INFO - Batch 10: Inserted 1/1 tickets
2025-07-31 13:51:51,164 - INFO - Processing batch 11/99 (1 tickets)
2025-07-31 13:51:51,317 - INFO - Batch 11: Inserted 1/1 tickets
2025-07-31 13:51:51,317 - INFO - Processing batch 12/99 (1 tickets)
2025-07-31 13:51:51,509 - INFO - Batch 12: Inserted 1/1 tickets
2025-07-31 13:51:51,509 - INFO - Processing batch 13/99 (1 tickets)
2025-07-31 13:51:51,683 - INFO - Batch 13: Inserted 1/1 tickets
2025-07-31 13:51:51,683 - INFO - Processing batch 14/99 (1 tickets)
2025-07-31 13:51:51,839 - INFO - Batch 14: Inserted 1/1 tickets
2025-07-31 13:51:51,839 - INFO - Processing batch 15/99 (1 tickets)
2025-07-31 13:51:52,035 - INFO - Batch 15: Inserted 1/1 tickets
2025-07-31 13:51:52,035 - INFO - Processing batch 16/99 (1 tickets)
2025-07-31 13:51:52,227 - INFO - Batch 16: Inserted 1/1 tickets
2025-07-31 13:51:52,227 - INFO - Processing batch 17/99 (1 tickets)
2025-07-31 13:51:52,412 - INFO - Batch 17: Inserted 1/1 tickets
2025-07-31 13:51:52,412 - INFO - Processing batch 18/99 (1 tickets)
2025-07-31 13:51:52,581 - INFO - Batch 18: Inserted 1/1 tickets
2025-07-31 13:51:52,581 - INFO - Processing batch 19/99 (1 tickets)
2025-07-31 13:51:52,744 - INFO - Batch 19: Inserted 1/1 tickets
2025-07-31 13:51:52,744 - INFO - Processing batch 20/99 (1 tickets)
2025-07-31 13:51:52,917 - INFO - Batch 20: Inserted 1/1 tickets
2025-07-31 13:51:52,917 - INFO - Processing batch 21/99 (1 tickets)
2025-07-31 13:51:53,087 - INFO - Batch 21: Inserted 1/1 tickets
2025-07-31 13:51:53,087 - INFO - Processing batch 22/99 (1 tickets)
2025-07-31 13:51:53,262 - INFO - Batch 22: Inserted 1/1 tickets
2025-07-31 13:51:53,262 - INFO - Processing batch 23/99 (1 tickets)
2025-07-31 13:51:53,436 - INFO - Batch 23: Inserted 1/1 tickets
2025-07-31 13:51:53,436 - INFO - Processing batch 24/99 (1 tickets)
2025-07-31 13:51:53,667 - INFO - Batch 24: Inserted 1/1 tickets
2025-07-31 13:51:53,667 - INFO - Processing batch 25/99 (1 tickets)
2025-07-31 13:51:53,868 - INFO - Batch 25: Inserted 1/1 tickets
2025-07-31 13:51:53,868 - INFO - Processing batch 26/99 (1 tickets)
2025-07-31 13:51:54,112 - INFO - Batch 26: Inserted 1/1 tickets
2025-07-31 13:51:54,112 - INFO - Processing batch 27/99 (1 tickets)
2025-07-31 13:51:54,316 - INFO - Batch 27: Inserted 1/1 tickets
2025-07-31 13:51:54,316 - INFO - Processing batch 28/99 (1 tickets)
2025-07-31 13:51:54,523 - INFO - Batch 28: Inserted 1/1 tickets
2025-07-31 13:51:54,523 - INFO - Processing batch 29/99 (1 tickets)
2025-07-31 13:51:54,701 - INFO - Batch 29: Inserted 1/1 tickets
2025-07-31 13:51:54,701 - INFO - Processing batch 30/99 (1 tickets)
2025-07-31 13:51:54,983 - INFO - Batch 30: Inserted 1/1 tickets
2025-07-31 13:51:54,983 - INFO - Processing batch 31/99 (1 tickets)
2025-07-31 13:51:55,153 - INFO - Batch 31: Inserted 1/1 tickets
2025-07-31 13:51:55,153 - INFO - Processing batch 32/99 (1 tickets)
2025-07-31 13:51:55,344 - INFO - Batch 32: Inserted 1/1 tickets
2025-07-31 13:51:55,344 - INFO - Processing batch 33/99 (1 tickets)
2025-07-31 13:51:55,549 - INFO - Batch 33: Inserted 1/1 tickets
2025-07-31 13:51:55,549 - INFO - Processing batch 34/99 (1 tickets)
2025-07-31 13:51:55,708 - INFO - Batch 34: Inserted 1/1 tickets
2025-07-31 13:51:55,708 - INFO - Processing batch 35/99 (1 tickets)
2025-07-31 13:51:55,870 - INFO - Batch 35: Inserted 1/1 tickets
2025-07-31 13:51:55,870 - INFO - Processing batch 36/99 (1 tickets)
2025-07-31 13:51:56,080 - INFO - Batch 36: Inserted 1/1 tickets
2025-07-31 13:51:56,080 - INFO - Processing batch 37/99 (1 tickets)
2025-07-31 13:51:56,249 - INFO - Batch 37: Inserted 1/1 tickets
2025-07-31 13:51:56,249 - INFO - Processing batch 38/99 (1 tickets)
2025-07-31 13:51:56,438 - INFO - Batch 38: Inserted 1/1 tickets
2025-07-31 13:51:56,439 - INFO - Processing batch 39/99 (1 tickets)
2025-07-31 13:51:56,663 - INFO - Batch 39: Inserted 1/1 tickets
2025-07-31 13:51:56,663 - INFO - Processing batch 40/99 (1 tickets)
2025-07-31 13:51:56,845 - INFO - Batch 40: Inserted 1/1 tickets
2025-07-31 13:51:56,845 - INFO - Processing batch 41/99 (1 tickets)
2025-07-31 13:51:57,028 - INFO - Batch 41: Inserted 1/1 tickets
2025-07-31 13:51:57,028 - INFO - Processing batch 42/99 (1 tickets)
2025-07-31 13:51:57,196 - INFO - Batch 42: Inserted 1/1 tickets
2025-07-31 13:51:57,196 - INFO - Processing batch 43/99 (1 tickets)
2025-07-31 13:51:57,382 - INFO - Batch 43: Inserted 1/1 tickets
2025-07-31 13:51:57,382 - INFO - Processing batch 44/99 (1 tickets)
2025-07-31 13:51:57,593 - INFO - Batch 44: Inserted 1/1 tickets
2025-07-31 13:51:57,593 - INFO - Processing batch 45/99 (1 tickets)
2025-07-31 13:51:57,791 - INFO - Batch 45: Inserted 1/1 tickets
2025-07-31 13:51:57,791 - INFO - Processing batch 46/99 (1 tickets)
2025-07-31 13:51:57,980 - INFO - Batch 46: Inserted 1/1 tickets
2025-07-31 13:51:57,980 - INFO - Processing batch 47/99 (1 tickets)
2025-07-31 13:51:58,160 - INFO - Batch 47: Inserted 1/1 tickets
2025-07-31 13:51:58,160 - INFO - Processing batch 48/99 (1 tickets)
2025-07-31 13:51:58,348 - INFO - Batch 48: Inserted 1/1 tickets
2025-07-31 13:51:58,348 - INFO - Processing batch 49/99 (1 tickets)
2025-07-31 13:51:58,525 - INFO - Batch 49: Inserted 1/1 tickets
2025-07-31 13:51:58,526 - INFO - Processing batch 50/99 (1 tickets)
2025-07-31 13:51:58,686 - INFO - Batch 50: Inserted 1/1 tickets
2025-07-31 13:51:58,686 - INFO - Processing batch 51/99 (1 tickets)
2025-07-31 13:51:58,848 - INFO - Batch 51: Inserted 1/1 tickets
2025-07-31 13:51:58,848 - INFO - Processing batch 52/99 (1 tickets)
2025-07-31 13:51:59,070 - INFO - Batch 52: Inserted 1/1 tickets
2025-07-31 13:51:59,070 - INFO - Processing batch 53/99 (1 tickets)
2025-07-31 13:51:59,252 - INFO - Batch 53: Inserted 1/1 tickets
2025-07-31 13:51:59,252 - INFO - Processing batch 54/99 (1 tickets)
2025-07-31 13:51:59,765 - INFO - Batch 54: Inserted 1/1 tickets
2025-07-31 13:51:59,765 - INFO - Processing batch 55/99 (1 tickets)
2025-07-31 13:51:59,936 - INFO - Batch 55: Inserted 1/1 tickets
2025-07-31 13:51:59,936 - INFO - Processing batch 56/99 (1 tickets)
2025-07-31 13:52:00,224 - INFO - Batch 56: Inserted 1/1 tickets
2025-07-31 13:52:00,224 - INFO - Processing batch 57/99 (1 tickets)
2025-07-31 13:52:00,463 - INFO - Batch 57: Inserted 1/1 tickets
2025-07-31 13:52:00,463 - INFO - Processing batch 58/99 (1 tickets)
2025-07-31 13:52:00,602 - INFO - Batch 58: Inserted 1/1 tickets
2025-07-31 13:52:00,603 - INFO - Processing batch 59/99 (1 tickets)
2025-07-31 13:52:00,951 - INFO - Batch 59: Inserted 1/1 tickets
2025-07-31 13:52:00,951 - INFO - Processing batch 60/99 (1 tickets)
2025-07-31 13:52:01,116 - INFO - Batch 60: Inserted 1/1 tickets
2025-07-31 13:52:01,116 - INFO - Processing batch 61/99 (1 tickets)
2025-07-31 13:52:01,303 - INFO - Batch 61: Inserted 1/1 tickets
2025-07-31 13:52:01,303 - INFO - Processing batch 62/99 (1 tickets)
2025-07-31 13:52:01,459 - INFO - Batch 62: Inserted 1/1 tickets
2025-07-31 13:52:01,459 - INFO - Processing batch 63/99 (1 tickets)
2025-07-31 13:52:01,638 - INFO - Batch 63: Inserted 1/1 tickets
2025-07-31 13:52:01,638 - INFO - Processing batch 64/99 (1 tickets)
2025-07-31 13:52:01,785 - INFO - Batch 64: Inserted 1/1 tickets
2025-07-31 13:52:01,785 - INFO - Processing batch 65/99 (1 tickets)
2025-07-31 13:52:01,945 - INFO - Batch 65: Inserted 1/1 tickets
2025-07-31 13:52:01,945 - INFO - Processing batch 66/99 (1 tickets)
2025-07-31 13:52:02,123 - INFO - Batch 66: Inserted 1/1 tickets
2025-07-31 13:52:02,123 - INFO - Processing batch 67/99 (1 tickets)
2025-07-31 13:52:02,328 - INFO - Batch 67: Inserted 1/1 tickets
2025-07-31 13:52:02,328 - INFO - Processing batch 68/99 (1 tickets)
2025-07-31 13:52:02,498 - INFO - Batch 68: Inserted 1/1 tickets
2025-07-31 13:52:02,498 - INFO - Processing batch 69/99 (1 tickets)
2025-07-31 13:52:02,699 - INFO - Batch 69: Inserted 1/1 tickets
2025-07-31 13:52:02,699 - INFO - Processing batch 70/99 (1 tickets)
2025-07-31 13:52:02,910 - INFO - Batch 70: Inserted 1/1 tickets
2025-07-31 13:52:02,910 - INFO - Processing batch 71/99 (1 tickets)
2025-07-31 13:52:03,080 - INFO - Batch 71: Inserted 1/1 tickets
2025-07-31 13:52:03,081 - INFO - Processing batch 72/99 (1 tickets)
2025-07-31 13:52:03,259 - INFO - Batch 72: Inserted 1/1 tickets
2025-07-31 13:52:03,259 - INFO - Processing batch 73/99 (1 tickets)
2025-07-31 13:52:03,409 - INFO - Batch 73: Inserted 1/1 tickets
2025-07-31 13:52:03,409 - INFO - Processing batch 74/99 (1 tickets)
2025-07-31 13:52:03,586 - INFO - Batch 74: Inserted 1/1 tickets
2025-07-31 13:52:03,586 - INFO - Processing batch 75/99 (1 tickets)
2025-07-31 13:52:03,751 - INFO - Batch 75: Inserted 1/1 tickets
2025-07-31 13:52:03,751 - INFO - Processing batch 76/99 (1 tickets)
2025-07-31 13:52:03,902 - INFO - Batch 76: Inserted 1/1 tickets
2025-07-31 13:52:03,903 - INFO - Processing batch 77/99 (1 tickets)
2025-07-31 13:52:04,074 - INFO - Batch 77: Inserted 1/1 tickets
2025-07-31 13:52:04,075 - INFO - Processing batch 78/99 (1 tickets)
2025-07-31 13:52:04,227 - INFO - Batch 78: Inserted 1/1 tickets
2025-07-31 13:52:04,229 - INFO - Processing batch 79/99 (1 tickets)
2025-07-31 13:52:04,374 - INFO - Batch 79: Inserted 1/1 tickets
2025-07-31 13:52:04,375 - INFO - Processing batch 80/99 (1 tickets)
2025-07-31 13:52:04,546 - INFO - Batch 80: Inserted 1/1 tickets
2025-07-31 13:52:04,546 - INFO - Processing batch 81/99 (1 tickets)
2025-07-31 13:52:04,769 - INFO - Batch 81: Inserted 1/1 tickets
2025-07-31 13:52:04,769 - INFO - Processing batch 82/99 (1 tickets)
2025-07-31 13:52:04,946 - INFO - Batch 82: Inserted 1/1 tickets
2025-07-31 13:52:04,946 - INFO - Processing batch 83/99 (1 tickets)
2025-07-31 13:52:05,141 - INFO - Batch 83: Inserted 1/1 tickets
2025-07-31 13:52:05,141 - INFO - Processing batch 84/99 (1 tickets)
2025-07-31 13:52:05,321 - INFO - Batch 84: Inserted 1/1 tickets
2025-07-31 13:52:05,322 - INFO - Processing batch 85/99 (1 tickets)
2025-07-31 13:52:05,471 - INFO - Batch 85: Inserted 1/1 tickets
2025-07-31 13:52:05,471 - INFO - Processing batch 86/99 (1 tickets)
2025-07-31 13:52:05,662 - INFO - Batch 86: Inserted 1/1 tickets
2025-07-31 13:52:05,662 - INFO - Processing batch 87/99 (1 tickets)
2025-07-31 13:52:05,971 - INFO - Batch 87: Inserted 1/1 tickets
2025-07-31 13:52:05,972 - INFO - Processing batch 88/99 (1 tickets)
2025-07-31 13:52:06,152 - INFO - Batch 88: Inserted 1/1 tickets
2025-07-31 13:52:06,152 - INFO - Processing batch 89/99 (1 tickets)
2025-07-31 13:52:06,433 - INFO - Batch 89: Inserted 1/1 tickets
2025-07-31 13:52:06,433 - INFO - Processing batch 90/99 (1 tickets)
2025-07-31 13:52:06,605 - INFO - Batch 90: Inserted 1/1 tickets
2025-07-31 13:52:06,605 - INFO - Processing batch 91/99 (1 tickets)
2025-07-31 13:52:06,839 - INFO - Batch 91: Inserted 1/1 tickets
2025-07-31 13:52:06,839 - INFO - Processing batch 92/99 (1 tickets)
2025-07-31 13:52:07,144 - INFO - Batch 92: Inserted 1/1 tickets
2025-07-31 13:52:07,144 - INFO - Processing batch 93/99 (1 tickets)
2025-07-31 13:52:07,699 - INFO - Batch 93: Inserted 1/1 tickets
2025-07-31 13:52:07,699 - INFO - Processing batch 94/99 (1 tickets)
2025-07-31 13:52:07,902 - INFO - Batch 94: Inserted 1/1 tickets
2025-07-31 13:52:07,902 - INFO - Processing batch 95/99 (1 tickets)
2025-07-31 13:52:08,115 - INFO - Batch 95: Inserted 1/1 tickets
2025-07-31 13:52:08,115 - INFO - Processing batch 96/99 (1 tickets)
2025-07-31 13:52:08,952 - INFO - Batch 96: Inserted 1/1 tickets
2025-07-31 13:52:08,953 - INFO - Processing batch 97/99 (1 tickets)
2025-07-31 13:52:09,930 - INFO - Batch 97: Inserted 1/1 tickets
2025-07-31 13:52:09,931 - INFO - Processing batch 98/99 (1 tickets)
2025-07-31 13:52:10,623 - INFO - Batch 98: Inserted 1/1 tickets
2025-07-31 13:52:10,623 - INFO - Processing batch 99/99 (1 tickets)
2025-07-31 13:52:10,799 - INFO - Batch 99: Inserted 1/1 tickets
2025-07-31 13:52:10,799 - INFO - Total inserted: 99/99 tickets
2025-07-31 13:52:10,799 - INFO - Copy process completed: Copied 99/99 tickets
